/nvshmem_src/src/host/transport/transport.cpp:nvshmemi_transport_init:275: init failed for transport: IBGDA
/nvshmem_src/src/host/transport/transport.cpp:nvshmemi_transport_init:275: init failed for transport: IBGDA
/nvshmem_src/src/host/transport/transport.cpp:nvshmemi_transport_init:275: init failed for transport: IBGDA
/nvshmem_src/src/host/transport/transport.cpp:nvshmemi_transport_init:275: init failed for transport: IBGDA
/nvshmem_src/src/host/transport/transport.cpp:nvshmemi_transport_init:275: init failed for transport: IBGDA
/nvshmem_src/src/host/transport/transport.cpp:nvshmemi_transport_init:275: init failed for transport: IBGDA
/nvshmem_src/src/host/transport/transport.cpp:nvshmemi_transport_init:275: init failed for transport: IBGDA
/nvshmem_src/src/host/transport/transport.cpp:nvshmemi_transport_init:275: init failed for transport: IBGDA
/nvshmem_src/src/host/transport/transport.cpp:nvshmemi_transport_init:275: init failed for transport: IBGDA
/nvshmem_src/src/host/transport/transport.cpp:nvshmemi_transport_init:275: init failed for transport: IBGDA
/nvshmem_src/src/host/transport/transport.cpp:nvshmemi_transport_init:275: init failed for transport: IBGDA
/nvshmem_src/src/host/transport/transport.cpp:nvshmemi_transport_init:275: init failed for transport: IBGDA
/nvshmem_src/src/host/transport/transport.cpp:nvshmemi_transport_init:275: init failed for transport: IBGDA
/nvshmem_src/src/host/transport/transport.cpp:nvshmemi_transport_init:275: init failed for transport: IBGDA
/nvshmem_src/src/host/transport/transport.cpp:nvshmemi_transport_init:275: init failed for transport: IBGDA
/nvshmem_src/src/host/transport/transport.cpp:nvshmemi_transport_init:275: init failed for transport: IBGDA
DeepEP Buffer created (RDMA bytes allocated). NVSHMEM/EFA path appears functional.
  DEVICE CUDA API              12090
NVSHMEM v3.2.5
WARN: device rdmap85s0 is not enumerated as an mlx5 device. Skipping...

WARN: device rdmap86s0 is not enumerated as an mlx5 device. Skipping...

WARN: device rdmap87s0 is not enumerated as an mlx5 device. Skipping...

WARN: device rdmap88s0 is not enumerated as an mlx5 device. Skipping...

WARN: device rdmap110s0 is not enumerated as an mlx5 device. Skipping...

WARN: device rdmap111s0 is not enumerated as an mlx5 device. Skipping...

WARN: device rdmap112s0 is not enumerated as an mlx5 device. Skipping...

WARN: device rdmap113s0 is not enumerated as an mlx5 device. Skipping...

WARN: device rdmap135s0 is not enumerated as an mlx5 device. Skipping...

WARN: device rdmap136s0 is not enumerated as an mlx5 device. Skipping...

WARN: device rdmap137s0 is not enumerated as an mlx5 device. Skipping...

WARN: device rdmap138s0 is not enumerated as an mlx5 device. Skipping...

WARN: device rdmap160s0 is not enumerated as an mlx5 device. Skipping...

WARN: device rdmap161s0 is not enumerated as an mlx5 device. Skipping...

WARN: device rdmap162s0 is not enumerated as an mlx5 device. Skipping...

WARN: device rdmap163s0 is not enumerated as an mlx5 device. Skipping...

  DEVICE CUDA API              12090
WARN: device rdmap85s0 is not enumerated as an mlx5 device. Skipping...

WARN: device rdmap86s0 is not enumerated as an mlx5 device. Skipping...

WARN: device rdmap87s0 is not enumerated as an mlx5 device. Skipping...

WARN: device rdmap88s0 is not enumerated as an mlx5 device. Skipping...

WARN: device rdmap110s0 is not enumerated as an mlx5 device. Skipping...

WARN: device rdmap111s0 is not enumerated as an mlx5 device. Skipping...

WARN: device rdmap112s0 is not enumerated as an mlx5 device. Skipping...

WARN: device rdmap113s0 is not enumerated as an mlx5 device. Skipping...

WARN: device rdmap135s0 is not enumerated as an mlx5 device. Skipping...

WARN: device rdmap136s0 is not enumerated as an mlx5 device. Skipping...

WARN: device rdmap137s0 is not enumerated as an mlx5 device. Skipping...

WARN: device rdmap138s0 is not enumerated as an mlx5 device. Skipping...

WARN: device rdmap160s0 is not enumerated as an mlx5 device. Skipping...

WARN: device rdmap161s0 is not enumerated as an mlx5 device. Skipping...

WARN: device rdmap162s0 is not enumerated as an mlx5 device. Skipping...

WARN: device rdmap163s0 is not enumerated as an mlx5 device. Skipping...

  DEVICE CUDA API              12090
NVSHMEM v3.2.5
WARN: device rdmap85s0 is not enumerated as an mlx5 device. Skipping...

WARN: device rdmap86s0 is not enumerated as an mlx5 device. Skipping...

WARN: device rdmap87s0 is not enumerated as an mlx5 device. Skipping...

WARN: device rdmap88s0 is not enumerated as an mlx5 device. Skipping...

WARN: device rdmap110s0 is not enumerated as an mlx5 device. Skipping...

WARN: device rdmap111s0 is not enumerated as an mlx5 device. Skipping...

WARN: device rdmap112s0 is not enumerated as an mlx5 device. Skipping...

WARN: device rdmap113s0 is not enumerated as an mlx5 device. Skipping...

WARN: device rdmap135s0 is not enumerated as an mlx5 device. Skipping...

WARN: device rdmap136s0 is not enumerated as an mlx5 device. Skipping...

WARN: device rdmap137s0 is not enumerated as an mlx5 device. Skipping...

WARN: device rdmap138s0 is not enumerated as an mlx5 device. Skipping...

WARN: device rdmap160s0 is not enumerated as an mlx5 device. Skipping...

WARN: device rdmap161s0 is not enumerated as an mlx5 device. Skipping...

WARN: device rdmap162s0 is not enumerated as an mlx5 device. Skipping...

WARN: device rdmap163s0 is not enumerated as an mlx5 device. Skipping...

  DEVICE CUDA API              12090
WARN: device rdmap85s0 is not enumerated as an mlx5 device. Skipping...

WARN: device rdmap86s0 is not enumerated as an mlx5 device. Skipping...

WARN: device rdmap87s0 is not enumerated as an mlx5 device. Skipping...

WARN: device rdmap88s0 is not enumerated as an mlx5 device. Skipping...

WARN: device rdmap110s0 is not enumerated as an mlx5 device. Skipping...

WARN: device rdmap111s0 is not enumerated as an mlx5 device. Skipping...

WARN: device rdmap112s0 is not enumerated as an mlx5 device. Skipping...

WARN: device rdmap113s0 is not enumerated as an mlx5 device. Skipping...

WARN: device rdmap135s0 is not enumerated as an mlx5 device. Skipping...

WARN: device rdmap136s0 is not enumerated as an mlx5 device. Skipping...

WARN: device rdmap137s0 is not enumerated as an mlx5 device. Skipping...

WARN: device rdmap138s0 is not enumerated as an mlx5 device. Skipping...

WARN: device rdmap160s0 is not enumerated as an mlx5 device. Skipping...

WARN: device rdmap161s0 is not enumerated as an mlx5 device. Skipping...

WARN: device rdmap162s0 is not enumerated as an mlx5 device. Skipping...

WARN: device rdmap163s0 is not enumerated as an mlx5 device. Skipping...

  DEVICE CUDA API              12090
NVSHMEM v3.2.5
WARN: device rdmap85s0 is not enumerated as an mlx5 device. Skipping...

WARN: device rdmap86s0 is not enumerated as an mlx5 device. Skipping...

WARN: device rdmap87s0 is not enumerated as an mlx5 device. Skipping...

WARN: device rdmap88s0 is not enumerated as an mlx5 device. Skipping...

WARN: device rdmap110s0 is not enumerated as an mlx5 device. Skipping...

WARN: device rdmap111s0 is not enumerated as an mlx5 device. Skipping...

WARN: device rdmap112s0 is not enumerated as an mlx5 device. Skipping...

WARN: device rdmap113s0 is not enumerated as an mlx5 device. Skipping...

WARN: device rdmap135s0 is not enumerated as an mlx5 device. Skipping...

WARN: device rdmap136s0 is not enumerated as an mlx5 device. Skipping...

WARN: device rdmap137s0 is not enumerated as an mlx5 device. Skipping...

WARN: device rdmap138s0 is not enumerated as an mlx5 device. Skipping...

WARN: device rdmap160s0 is not enumerated as an mlx5 device. Skipping...

WARN: device rdmap161s0 is not enumerated as an mlx5 device. Skipping...

WARN: device rdmap162s0 is not enumerated as an mlx5 device. Skipping...

WARN: device rdmap163s0 is not enumerated as an mlx5 device. Skipping...

  DEVICE CUDA API              12090
WARN: device rdmap85s0 is not enumerated as an mlx5 device. Skipping...

WARN: device rdmap86s0 is not enumerated as an mlx5 device. Skipping...

WARN: device rdmap87s0 is not enumerated as an mlx5 device. Skipping...

WARN: device rdmap88s0 is not enumerated as an mlx5 device. Skipping...

WARN: device rdmap110s0 is not enumerated as an mlx5 device. Skipping...

WARN: device rdmap111s0 is not enumerated as an mlx5 device. Skipping...

WARN: device rdmap112s0 is not enumerated as an mlx5 device. Skipping...

WARN: device rdmap113s0 is not enumerated as an mlx5 device. Skipping...

WARN: device rdmap135s0 is not enumerated as an mlx5 device. Skipping...

WARN: device rdmap136s0 is not enumerated as an mlx5 device. Skipping...

WARN: device rdmap137s0 is not enumerated as an mlx5 device. Skipping...

WARN: device rdmap138s0 is not enumerated as an mlx5 device. Skipping...

WARN: device rdmap160s0 is not enumerated as an mlx5 device. Skipping...

WARN: device rdmap161s0 is not enumerated as an mlx5 device. Skipping...

WARN: device rdmap162s0 is not enumerated as an mlx5 device. Skipping...

WARN: device rdmap163s0 is not enumerated as an mlx5 device. Skipping...

  DEVICE CUDA API              12090
NVSHMEM v3.2.5
WARN: device rdmap85s0 is not enumerated as an mlx5 device. Skipping...

WARN: device rdmap86s0 is not enumerated as an mlx5 device. Skipping...

WARN: device rdmap87s0 is not enumerated as an mlx5 device. Skipping...

WARN: device rdmap88s0 is not enumerated as an mlx5 device. Skipping...

WARN: device rdmap110s0 is not enumerated as an mlx5 device. Skipping...

WARN: device rdmap111s0 is not enumerated as an mlx5 device. Skipping...

WARN: device rdmap112s0 is not enumerated as an mlx5 device. Skipping...

WARN: device rdmap113s0 is not enumerated as an mlx5 device. Skipping...

WARN: device rdmap135s0 is not enumerated as an mlx5 device. Skipping...

WARN: device rdmap136s0 is not enumerated as an mlx5 device. Skipping...

WARN: device rdmap137s0 is not enumerated as an mlx5 device. Skipping...

WARN: device rdmap138s0 is not enumerated as an mlx5 device. Skipping...

WARN: device rdmap160s0 is not enumerated as an mlx5 device. Skipping...

WARN: device rdmap161s0 is not enumerated as an mlx5 device. Skipping...

WARN: device rdmap162s0 is not enumerated as an mlx5 device. Skipping...

WARN: device rdmap163s0 is not enumerated as an mlx5 device. Skipping...

  DEVICE CUDA API              12090
NVSHMEM v3.2.5
WARN: device rdmap85s0 is not enumerated as an mlx5 device. Skipping...

WARN: device rdmap86s0 is not enumerated as an mlx5 device. Skipping...

WARN: device rdmap87s0 is not enumerated as an mlx5 device. Skipping...

WARN: device rdmap88s0 is not enumerated as an mlx5 device. Skipping...

WARN: device rdmap110s0 is not enumerated as an mlx5 device. Skipping...

WARN: device rdmap111s0 is not enumerated as an mlx5 device. Skipping...

WARN: device rdmap112s0 is not enumerated as an mlx5 device. Skipping...

WARN: device rdmap113s0 is not enumerated as an mlx5 device. Skipping...

WARN: device rdmap135s0 is not enumerated as an mlx5 device. Skipping...

WARN: device rdmap136s0 is not enumerated as an mlx5 device. Skipping...

WARN: device rdmap137s0 is not enumerated as an mlx5 device. Skipping...

WARN: device rdmap138s0 is not enumerated as an mlx5 device. Skipping...

WARN: device rdmap160s0 is not enumerated as an mlx5 device. Skipping...

WARN: device rdmap161s0 is not enumerated as an mlx5 device. Skipping...

WARN: device rdmap162s0 is not enumerated as an mlx5 device. Skipping...

WARN: device rdmap163s0 is not enumerated as an mlx5 device. Skipping...

  DEVICE CUDA API              12090
WARN: device rdmap85s0 is not enumerated as an mlx5 device. Skipping...

WARN: device rdmap86s0 is not enumerated as an mlx5 device. Skipping...

WARN: device rdmap87s0 is not enumerated as an mlx5 device. Skipping...

WARN: device rdmap88s0 is not enumerated as an mlx5 device. Skipping...

WARN: device rdmap110s0 is not enumerated as an mlx5 device. Skipping...

WARN: device rdmap111s0 is not enumerated as an mlx5 device. Skipping...

WARN: device rdmap112s0 is not enumerated as an mlx5 device. Skipping...

WARN: device rdmap113s0 is not enumerated as an mlx5 device. Skipping...

WARN: device rdmap135s0 is not enumerated as an mlx5 device. Skipping...

WARN: device rdmap136s0 is not enumerated as an mlx5 device. Skipping...

WARN: device rdmap137s0 is not enumerated as an mlx5 device. Skipping...

WARN: device rdmap138s0 is not enumerated as an mlx5 device. Skipping...

WARN: device rdmap160s0 is not enumerated as an mlx5 device. Skipping...

WARN: device rdmap161s0 is not enumerated as an mlx5 device. Skipping...

WARN: device rdmap162s0 is not enumerated as an mlx5 device. Skipping...

WARN: device rdmap163s0 is not enumerated as an mlx5 device. Skipping...

  DEVICE CUDA API              12090
NVSHMEM v3.2.5
WARN: device rdmap85s0 is not enumerated as an mlx5 device. Skipping...

WARN: device rdmap86s0 is not enumerated as an mlx5 device. Skipping...

WARN: device rdmap87s0 is not enumerated as an mlx5 device. Skipping...

WARN: device rdmap88s0 is not enumerated as an mlx5 device. Skipping...

WARN: device rdmap110s0 is not enumerated as an mlx5 device. Skipping...

WARN: device rdmap111s0 is not enumerated as an mlx5 device. Skipping...

WARN: device rdmap112s0 is not enumerated as an mlx5 device. Skipping...

WARN: device rdmap113s0 is not enumerated as an mlx5 device. Skipping...

WARN: device rdmap135s0 is not enumerated as an mlx5 device. Skipping...

WARN: device rdmap136s0 is not enumerated as an mlx5 device. Skipping...

WARN: device rdmap137s0 is not enumerated as an mlx5 device. Skipping...

WARN: device rdmap138s0 is not enumerated as an mlx5 device. Skipping...

WARN: device rdmap160s0 is not enumerated as an mlx5 device. Skipping...

WARN: device rdmap161s0 is not enumerated as an mlx5 device. Skipping...

WARN: device rdmap162s0 is not enumerated as an mlx5 device. Skipping...

WARN: device rdmap163s0 is not enumerated as an mlx5 device. Skipping...

  DEVICE CUDA API              12090
WARN: device rdmap85s0 is not enumerated as an mlx5 device. Skipping...

WARN: device rdmap86s0 is not enumerated as an mlx5 device. Skipping...

WARN: device rdmap87s0 is not enumerated as an mlx5 device. Skipping...

WARN: device rdmap88s0 is not enumerated as an mlx5 device. Skipping...

WARN: device rdmap110s0 is not enumerated as an mlx5 device. Skipping...

WARN: device rdmap111s0 is not enumerated as an mlx5 device. Skipping...

WARN: device rdmap112s0 is not enumerated as an mlx5 device. Skipping...

WARN: device rdmap113s0 is not enumerated as an mlx5 device. Skipping...

WARN: device rdmap135s0 is not enumerated as an mlx5 device. Skipping...

WARN: device rdmap136s0 is not enumerated as an mlx5 device. Skipping...

WARN: device rdmap137s0 is not enumerated as an mlx5 device. Skipping...

WARN: device rdmap138s0 is not enumerated as an mlx5 device. Skipping...

WARN: device rdmap160s0 is not enumerated as an mlx5 device. Skipping...

WARN: device rdmap161s0 is not enumerated as an mlx5 device. Skipping...

WARN: device rdmap162s0 is not enumerated as an mlx5 device. Skipping...

WARN: device rdmap163s0 is not enumerated as an mlx5 device. Skipping...

  DEVICE CUDA API              12090
WARN: device rdmap85s0 is not enumerated as an mlx5 device. Skipping...

WARN: device rdmap86s0 is not enumerated as an mlx5 device. Skipping...

WARN: device rdmap87s0 is not enumerated as an mlx5 device. Skipping...

WARN: device rdmap88s0 is not enumerated as an mlx5 device. Skipping...

WARN: device rdmap110s0 is not enumerated as an mlx5 device. Skipping...

WARN: device rdmap111s0 is not enumerated as an mlx5 device. Skipping...

WARN: device rdmap112s0 is not enumerated as an mlx5 device. Skipping...

WARN: device rdmap113s0 is not enumerated as an mlx5 device. Skipping...

WARN: device rdmap135s0 is not enumerated as an mlx5 device. Skipping...

WARN: device rdmap136s0 is not enumerated as an mlx5 device. Skipping...

WARN: device rdmap137s0 is not enumerated as an mlx5 device. Skipping...

WARN: device rdmap138s0 is not enumerated as an mlx5 device. Skipping...

WARN: device rdmap160s0 is not enumerated as an mlx5 device. Skipping...

WARN: device rdmap161s0 is not enumerated as an mlx5 device. Skipping...

WARN: device rdmap162s0 is not enumerated as an mlx5 device. Skipping...

WARN: device rdmap163s0 is not enumerated as an mlx5 device. Skipping...

  DEVICE CUDA API              12090
WARN: device rdmap85s0 is not enumerated as an mlx5 device. Skipping...

WARN: device rdmap86s0 is not enumerated as an mlx5 device. Skipping...

WARN: device rdmap87s0 is not enumerated as an mlx5 device. Skipping...

WARN: device rdmap88s0 is not enumerated as an mlx5 device. Skipping...

WARN: device rdmap110s0 is not enumerated as an mlx5 device. Skipping...

WARN: device rdmap111s0 is not enumerated as an mlx5 device. Skipping...

WARN: device rdmap112s0 is not enumerated as an mlx5 device. Skipping...

WARN: device rdmap113s0 is not enumerated as an mlx5 device. Skipping...

WARN: device rdmap135s0 is not enumerated as an mlx5 device. Skipping...

WARN: device rdmap136s0 is not enumerated as an mlx5 device. Skipping...

WARN: device rdmap137s0 is not enumerated as an mlx5 device. Skipping...

WARN: device rdmap138s0 is not enumerated as an mlx5 device. Skipping...

WARN: device rdmap160s0 is not enumerated as an mlx5 device. Skipping...

WARN: device rdmap161s0 is not enumerated as an mlx5 device. Skipping...

WARN: device rdmap162s0 is not enumerated as an mlx5 device. Skipping...

WARN: device rdmap163s0 is not enumerated as an mlx5 device. Skipping...

  DEVICE CUDA API              12090
WARN: device rdmap85s0 is not enumerated as an mlx5 device. Skipping...

WARN: device rdmap86s0 is not enumerated as an mlx5 device. Skipping...

WARN: device rdmap87s0 is not enumerated as an mlx5 device. Skipping...

WARN: device rdmap88s0 is not enumerated as an mlx5 device. Skipping...

WARN: device rdmap110s0 is not enumerated as an mlx5 device. Skipping...

WARN: device rdmap111s0 is not enumerated as an mlx5 device. Skipping...

WARN: device rdmap112s0 is not enumerated as an mlx5 device. Skipping...

WARN: device rdmap113s0 is not enumerated as an mlx5 device. Skipping...

WARN: device rdmap135s0 is not enumerated as an mlx5 device. Skipping...

WARN: device rdmap136s0 is not enumerated as an mlx5 device. Skipping...

WARN: device rdmap137s0 is not enumerated as an mlx5 device. Skipping...

WARN: device rdmap138s0 is not enumerated as an mlx5 device. Skipping...

WARN: device rdmap160s0 is not enumerated as an mlx5 device. Skipping...

WARN: device rdmap161s0 is not enumerated as an mlx5 device. Skipping...

WARN: device rdmap162s0 is not enumerated as an mlx5 device. Skipping...

WARN: device rdmap163s0 is not enumerated as an mlx5 device. Skipping...

  DEVICE CUDA API              12090
NVSHMEM v3.2.5
WARN: device rdmap85s0 is not enumerated as an mlx5 device. Skipping...

WARN: device rdmap86s0 is not enumerated as an mlx5 device. Skipping...

WARN: device rdmap87s0 is not enumerated as an mlx5 device. Skipping...

WARN: device rdmap88s0 is not enumerated as an mlx5 device. Skipping...

WARN: device rdmap110s0 is not enumerated as an mlx5 device. Skipping...

WARN: device rdmap111s0 is not enumerated as an mlx5 device. Skipping...

WARN: device rdmap112s0 is not enumerated as an mlx5 device. Skipping...

WARN: device rdmap113s0 is not enumerated as an mlx5 device. Skipping...

WARN: device rdmap135s0 is not enumerated as an mlx5 device. Skipping...

WARN: device rdmap136s0 is not enumerated as an mlx5 device. Skipping...

WARN: device rdmap137s0 is not enumerated as an mlx5 device. Skipping...

WARN: device rdmap138s0 is not enumerated as an mlx5 device. Skipping...

WARN: device rdmap160s0 is not enumerated as an mlx5 device. Skipping...

WARN: device rdmap161s0 is not enumerated as an mlx5 device. Skipping...

WARN: device rdmap162s0 is not enumerated as an mlx5 device. Skipping...

WARN: device rdmap163s0 is not enumerated as an mlx5 device. Skipping...

  DEVICE CUDA API              12090
NVSHMEM v3.2.5
WARN: device rdmap85s0 is not enumerated as an mlx5 device. Skipping...

WARN: device rdmap86s0 is not enumerated as an mlx5 device. Skipping...

WARN: device rdmap87s0 is not enumerated as an mlx5 device. Skipping...

WARN: device rdmap88s0 is not enumerated as an mlx5 device. Skipping...

WARN: device rdmap110s0 is not enumerated as an mlx5 device. Skipping...

WARN: device rdmap111s0 is not enumerated as an mlx5 device. Skipping...

WARN: device rdmap112s0 is not enumerated as an mlx5 device. Skipping...

WARN: device rdmap113s0 is not enumerated as an mlx5 device. Skipping...

WARN: device rdmap135s0 is not enumerated as an mlx5 device. Skipping...

WARN: device rdmap136s0 is not enumerated as an mlx5 device. Skipping...

WARN: device rdmap137s0 is not enumerated as an mlx5 device. Skipping...

WARN: device rdmap138s0 is not enumerated as an mlx5 device. Skipping...

WARN: device rdmap160s0 is not enumerated as an mlx5 device. Skipping...

WARN: device rdmap161s0 is not enumerated as an mlx5 device. Skipping...

WARN: device rdmap162s0 is not enumerated as an mlx5 device. Skipping...

WARN: device rdmap163s0 is not enumerated as an mlx5 device. Skipping...

